[20:42:24] [ServerMain/INFO]: Environment: Environment[sessionHost=https://sessionserver.mojang.com, servicesHost=https://api.minecraftservices.com, name=PROD]
[20:42:25] [ServerMain/INFO]: Loaded 1337 recipes
[20:42:25] [ServerMain/INFO]: Loaded 1448 advancements
[20:42:25] [Server thread/INFO]: Starting minecraft server version 1.21.3
[20:42:25] [Server thread/INFO]: Loading properties
[20:42:25] [Server thread/INFO]: Default game type: SURVIVAL
[20:42:25] [Server thread/INFO]: Generating keypair
[20:42:25] [Server thread/INFO]: Starting Minecraft server on *:25565
[20:42:25] [Server thread/INFO]: Using default channel type
[20:42:25] [Server thread/WARN]: **** SERVER IS RUNNING IN OFFLINE/INSECURE MODE!
[20:42:25] [Server thread/WARN]: The server will make no attempt to authenticate usernames. Beware.
[20:42:25] [Server thread/WARN]: While this makes the game possible to play without internet access, it also opens up the ability for hackers to connect with any username they choose.
[20:42:25] [Server thread/WARN]: To change this, set "online-mode" to "true" in the server.properties file.
[20:42:25] [Server thread/INFO]: Preparing level "world"
[20:42:26] [Server thread/INFO]: Preparing start region for dimension minecraft:overworld
[20:42:27] [Worker-Main-1/INFO]: Preparing spawn area: 0%
[20:42:27] [Worker-Main-1/INFO]: Preparing spawn area: 0%
[20:42:27] [Worker-Main-1/INFO]: Preparing spawn area: 0%
[20:42:27] [Worker-Main-1/INFO]: Preparing spawn area: 0%
[20:42:27] [Server thread/INFO]: Time elapsed: 1612 ms
[20:42:27] [Server thread/INFO]: Done (1.857s)! For help, type "help"
[20:43:27] [Server thread/INFO]: Server empty for 60 seconds, pausing
[20:43:43] [Server thread/INFO]: alks99[/127.0.0.1:62783] logged in with entity id 3 at (160.13430556782748, 63.875, -2289.9889649168344)
[20:43:43] [Server thread/INFO]: alks99 joined the game
[20:46:09] [Server thread/INFO]: mohadmsm[/[0:0:0:0:0:0:0:1]:62855] logged in with entity id 3325 at (-959.3477722323374, 161.1875, -688.2365537490589)
[20:46:09] [Server thread/INFO]: mohadmsm joined the game
[20:46:45] [Server thread/WARN]: mohadmsm moved too quickly! 13.240170271939178,-9.446571764937545,-6.367849099595446
[20:46:45] [Server thread/WARN]: Can't keep up! Is the server overloaded? Running 3281ms or 65 ticks behind
[20:48:41] [Server thread/INFO]: mohadmsm has made the advancement [Eye Spy]
[20:49:05] [Server thread/INFO]: mohadmsm has made the advancement [The End?]
[21:21:31] [Server thread/WARN]: mohadmsm moved wrongly!
[21:24:09] [Server thread/INFO]: alks99 lost connection: Disconnected
[21:24:09] [Server thread/INFO]: alks99 left the game
[21:24:11] [Server thread/INFO]: mohadmsm lost connection: Disconnected
[21:24:11] [Server thread/INFO]: mohadmsm left the game
[21:25:11] [Server thread/INFO]: Server empty for 60 seconds, pausing
